app/seeds.txt
lu.die.isharkfox.R$attr: int logoDescription
lu.die.isharkfox.FirstFragment: void onViewCreated(android.view.View,android.os.Bundle)
lu.die.isharkfox.R$styleable: int ConstraintLayout_Layout_layout_constraintHeight_default
lu.die.isharkfox.R$style: int RtlOverlay_Widget_AppCompat_PopupMenuItem_InternalGroup
lu.die.isharkfox.R$drawable: int abc_btn_switch_to_on_mtrl_00012
lu.die.isharkfox.R$string: int mtrl_picker_range_header_only_start_selected
lu.die.isharkfox.R$color: int mtrl_btn_text_btn_ripple_color
lu.die.isharkfox.R$styleable: int Toolbar_titleMarginBottom
lu.die.isharkfox.R$attr: int reverseLayout
lu.die.isharkfox.R$styleable: int FloatingActionButton_backgroundTintMode
lu.die.isharkfox.R$styleable: int MaterialTextView_android_lineHeight
lu.die.isharkfox.R$string: int exposed_dropdown_menu_content_description
lu.die.isharkfox.R$attr: int navigationIcon
lu.die.isharkfox.R$dimen: int mtrl_low_ripple_default_alpha
lu.die.isharkfox.R$id: int accessibility_custom_action_27
lu.die.isharkfox.R$attr: int drawableSize
lu.die.isharkfox.R$dimen: int design_snackbar_extra_spacing_horizontal
lu.die.isharkfox.R$style: int MaterialAlertDialog_MaterialComponents_Picker_Date_Spinner
lu.die.isharkfox.R$attr: int daySelectedStyle
lu.die.isharkfox.R$attr: int tabPadding
lu.die.isharkfox.R$attr: int cardPreventCornerOverlap
lu.die.isharkfox.R$dimen: int mtrl_calendar_selection_text_baseline_to_top
lu.die.isharkfox.R$styleable: int AppCompatTheme_popupWindowStyle
lu.die.isharkfox.R$attr: int subtitle
lu.die.isharkfox.R$styleable: int AppCompatTextView_firstBaselineToTopHeight
lu.die.isharkfox.R$styleable: int ConstraintLayout_Layout_barrierAllowsGoneWidgets
lu.die.isharkfox.R$style: int TextAppearance_AppCompat_Light_SearchResult_Title
lu.die.isharkfox.R$drawable: int abc_text_select_handle_middle_mtrl_dark
lu.die.isharkfox.R$dimen: int mtrl_calendar_day_height
lu.die.isharkfox.R$attr: int autoSizeTextType
lu.die.isharkfox.R$style: int Widget_Design_BottomNavigationView
lu.die.isharkfox.R$id: int action_SecondFragment_to_FirstFragment
lu.die.isharkfox.R$attr: int contentPadding
lu.die.isharkfox.R$styleable: int AppCompatTheme_spinnerStyle
lu.die.isharkfox.R$styleable: int ShapeAppearance_cornerFamilyTopRight
lu.die.isharkfox.R$styleable: int LinearLayoutCompat_android_baselineAligned
lu.die.isharkfox.R$style: int RtlOverlay_Widget_AppCompat_PopupMenuItem_Title
lu.die.isharkfox.R$attr: int layout_constraintLeft_creator
lu.die.isharkfox.R$drawable: int ic_launcher_background
lu.die.isharkfox.R$id: int accessibility_custom_action_29
lu.die.isharkfox.R$style: int Platform_V21_AppCompat
lu.die.isharkfox.FirstFragment$1: void onClick(android.view.View)
lu.die.isharkfox.R$dimen: int mtrl_calendar_day_horizontal_padding
lu.die.isharkfox.R$id: int always
lu.die.isharkfox.R$color: int design_snackbar_background_color
lu.die.isharkfox.R$styleable: int AppCompatTextView_lineHeight
lu.die.isharkfox.R$animator: int mtrl_fab_transformation_sheet_collapse_spec
lu.die.isharkfox.R$attr: int materialThemeOverlay
lu.die.isharkfox.R$attr: int selectableItemBackground
lu.die.isharkfox.R$drawable: int abc_btn_borderless_material
lu.die.isharkfox.R$styleable: int ConstraintLayout_Layout_layout_constraintWidth_max
lu.die.isharkfox.R$id: int content
lu.die.isharkfox.R$styleable: int[] MaterialShape
lu.die.isharkfox.R$attr: int headerLayout
lu.die.isharkfox.R$attr: int titleTextStyle
lu.die.isharkfox.R$string: int abc_searchview_description_submit
lu.die.isharkfox.R$style: int Theme_AppCompat_CompactMenu
lu.die.isharkfox.R$style: int Platform_ThemeOverlay_AppCompat_Light
lu.die.isharkfox.R$styleable: int AppCompatTheme_windowFixedWidthMajor
lu.die.isharkfox.R$attr: int fontStyle
lu.die.isharkfox.R$drawable: int ic_edit_black_24dp
lu.die.isharkfox.R$styleable: int[] AnimatedStateListDrawableItem
lu.die.isharkfox.R$styleable: int SearchView_queryBackground
...
androidx.viewpager2.widget.ViewPager2$2
androidx.appcompat.R$drawable: int notification_bg_low_normal
com.google.android.material.transformation.FabTransformationBehavior$FabTransformationSpec: FabTransformationBehavior$FabTransformationSpec()
com.google.android.material.internal.ThemeEnforcement: java.lang.String MATERIAL_THEME_NAME
androidx.activity.R$color: int ripple_material_light
androidx.cardview.widget.CardViewDelegate: void setMinWidthHeightInternal(int,int)
androidx.drawerlayout.widget.DrawerLayout$SavedState: int openDrawerGravity
androidx.appcompat.app.AppCompatDelegateImpl$3: androidx.appcompat.app.AppCompatDelegateImpl this$0
androidx.appcompat.app.WindowDecorActionBar: void setHasEmbeddedTabs(boolean)
androidx.core.view.ViewCompat: void notifyViewAccessibilityStateChangedIfNeeded(android.view.View,int)
androidx.appcompat.R$drawable: int abc_ic_menu_cut_mtrl_alpha
androidx.appcompat.R$anim: int abc_popup_enter
androidx.constraintlayout.solver.widgets.ConstraintWidget: int mMatchConstraintMinHeight
androidx.recyclerview.widget.AdapterHelper$UpdateOp: int POOL_SIZE
androidx.appcompat.widget.ListPopupWindow: int getAnimationStyle()
com.google.android.material.R$style: int Widget_AppCompat_RatingBar_Small
androidx.core.content.res.ConfigurationHelper: int getDensityDpi(android.content.res.Resources)
androidx.constraintlayout.solver.widgets.Barrier: void analyze(int)
androidx.navigation.ui.R$styleable: int PopupWindowBackgroundState_state_above_anchor
androidx.core.view.accessibility.AccessibilityRecordCompat: void setItemCount(int)
androidx.recyclerview.widget.RecyclerView: void processAdapterUpdatesAndSetAnimationFlags()
com.google.android.material.R$attr: int autoSizePresetSizes
androidx.appcompat.widget.SuggestionsAdapter
com.google.android.material.shape.MaterialShapeDrawable: boolean getPadding(android.graphics.Rect)
androidx.appcompat.app.AlertController$2: void onScrollChange(androidx.core.widget.NestedScrollView,int,int,int,int)
androidx.appcompat.widget.ListPopupWindow$ResizePopupRunnable: androidx.appcompat.widget.ListPopupWindow this$0
androidx.navigation.ui.R$style: int Widget_AppCompat_Light_ActionBar_TabText
androidx.core.view.ViewCompat$3: ViewCompat$3(int,java.lang.Class,int)
androidx.drawerlayout.widget.DrawerLayout: void setChildInsets(java.lang.Object,boolean)
com.google.android.material.tabs.TabLayout: void setSelectedTabIndicator(int)
com.google.android.material.textfield.ClearTextEndIconDelegate$1: ClearTextEndIconDelegate$1(com.google.android.material.textfield.ClearTextEndIconDelegate)
androidx.appcompat.app.AppCompatDelegateImpl: void setTheme(int)
com.google.android.material.R$dimen: int mtrl_extended_fab_elevation
androidx.navigation.R$attr: int dataPattern
androidx.activity.R$id: int line3
androidx.appcompat.widget.LinearLayoutCompat: int SHOW_DIVIDER_NONE
androidx.core.app.NotificationCompat$CarExtender: int getColor()
androidx.navigation.ui.R$styleable: int MenuGroup_android_menuCategory
androidx.core.R$styleable: int GradientColor_android_startX
androidx.appcompat.view.menu.MenuBuilder: boolean mOptionalIconsVisible
androidx.appcompat.widget.ForwardingListener: float mScaledTouchSlop
com.google.android.material.R$id: int line1
com.google.android.material.R$style: int ThemeOverlay_MaterialComponents_MaterialAlertDialog
androidx.core.hardware.fingerprint.FingerprintManagerCompat: void authenticate(androidx.core.hardware.fingerprint.FingerprintManagerCompat$CryptoObject,int,androidx.core.os.CancellationSignal,androidx.core.hardware.fingerprint.FingerprintManagerCompat$AuthenticationCallback,android.os.Handler)
androidx.core.view.ViewPropertyAnimatorCompat: long getDuration()
androidx.loader.content.ModernAsyncTask: java.util.concurrent.atomic.AtomicBoolean mCancelled
com.google.android.material.appbar.AppBarLayout$BaseBehavior$SavedState$1: java.lang.Object createFromParcel(android.os.Parcel)