app/mapping.txt
# compiler: R8
# compiler_version: 2.1.86
# min_api: 16
# pg_map_id: 022e9d0
# common_typos_disable
lu.die.isharkfox.BuildConfig -> fuck.yq:
    int VERSION_CODE -> d
    boolean DEBUG -> a
    java.lang.String BUILD_TYPE -> c
    java.lang.String APPLICATION_ID -> b
    java.lang.String VERSION_NAME -> e
lu.die.isharkfox.Entry$1 -> lu.die.isharkfox.Entry$a:
    lu.die.isharkfox.Entry this$0 -> a
lu.die.isharkfox.Entry$2 -> lu.die.isharkfox.Entry$b:
    lu.die.isharkfox.Entry this$0 -> a
lu.die.isharkfox.FirstFragment -> lu.die.isharkfox.FirstFragment:
    android.view.View onCreateView(android.view.LayoutInflater,android.view.ViewGroup,android.os.Bundle) -> A0
    void onViewCreated(android.view.View,android.os.Bundle) -> V0
lu.die.isharkfox.FirstFragment$1 -> lu.die.isharkfox.FirstFragment$a:
    lu.die.isharkfox.FirstFragment this$0 -> b
lu.die.isharkfox.MainActivity$1 -> lu.die.isharkfox.MainActivity$a:
    lu.die.isharkfox.MainActivity this$0 -> b
lu.die.isharkfox.MainActivity$1$1 -> lu.die.isharkfox.MainActivity$a$a:
    lu.die.isharkfox.MainActivity$1 this$1 -> b
lu.die.isharkfox.R -> fuck.zq:
lu.die.isharkfox.R$anim -> fuck.zq$a:
lu.die.isharkfox.R$animator -> fuck.zq$b:
lu.die.isharkfox.R$attr -> fuck.zq$c:
lu.die.isharkfox.R$bool -> fuck.zq$d:
lu.die.isharkfox.R$color -> fuck.zq$e:
lu.die.isharkfox.R$dimen -> fuck.zq$f:
lu.die.isharkfox.R$drawable -> fuck.zq$g:
lu.die.isharkfox.R$id -> fuck.zq$h:
lu.die.isharkfox.R$integer -> fuck.zq$i:
lu.die.isharkfox.R$interpolator -> fuck.zq$j:
lu.die.isharkfox.R$layout -> fuck.zq$k:
lu.die.isharkfox.R$menu -> fuck.zq$l:
lu.die.isharkfox.R$mipmap -> fuck.zq$m:
lu.die.isharkfox.R$navigation -> fuck.zq$n:
lu.die.isharkfox.R$plurals -> fuck.zq$o:
lu.die.isharkfox.R$string -> fuck.zq$p:
lu.die.isharkfox.R$style -> fuck.zq$q:
lu.die.isharkfox.R$styleable -> fuck.zq$r:
lu.die.isharkfox.R$xml -> fuck.zq$s:
lu.die.isharkfox.SecondFragment -> lu.die.isharkfox.SecondFragment:
    android.view.View onCreateView(android.view.LayoutInflater,android.view.ViewGroup,android.os.Bundle) -> A0
    void onViewCreated(android.view.View,android.os.Bundle) -> V0
lu.die.isharkfox.SecondFragment$1 -> lu.die.isharkfox.SecondFragment$a:
    lu.die.isharkfox.SecondFragment this$0 -> b
...
androidx.navigation.NavGraph$1 -> fuck.hh$a:
    androidx.navigation.NavGraph this$0 -> d
    int mIndex -> b
    boolean mWentToNext -> c
    androidx.navigation.NavDestination next() -> a
androidx.navigation.NavGraphNavigator -> fuck.ih:
    androidx.navigation.NavigatorProvider mNavigatorProvider -> a
    androidx.navigation.NavDestination createDestination() -> a
    androidx.navigation.NavDestination navigate(androidx.navigation.NavDestination,android.os.Bundle,androidx.navigation.NavOptions,androidx.navigation.Navigator$Extras) -> b
    boolean popBackStack() -> e
    androidx.navigation.NavGraph createDestination() -> f
    androidx.navigation.NavDestination navigate(androidx.navigation.NavGraph,android.os.Bundle,androidx.navigation.NavOptions,androidx.navigation.Navigator$Extras) -> g
androidx.navigation.NavHost -> fuck.jh:
    androidx.navigation.NavController getNavController() -> b
androidx.navigation.NavHostController -> fuck.kh:
    void setLifecycleOwner(androidx.lifecycle.LifecycleOwner) -> M
    void setOnBackPressedDispatcher(androidx.activity.OnBackPressedDispatcher) -> N
    void setViewModelStore(androidx.lifecycle.ViewModelStore) -> O
    void enableOnBackPressed(boolean) -> d
androidx.navigation.NavInflater -> fuck.lh:
    java.lang.String APPLICATION_ID_PLACEHOLDER -> g
    android.content.Context mContext -> a
    java.lang.String TAG_INCLUDE -> f
    androidx.navigation.NavigatorProvider mNavigatorProvider -> b
    java.lang.ThreadLocal sTmpValue -> h
    java.lang.String TAG_ARGUMENT -> c
    java.lang.String TAG_ACTION -> e
    java.lang.String TAG_DEEP_LINK -> d
    androidx.navigation.NavType checkNavType(android.util.TypedValue,androidx.navigation.NavType,androidx.navigation.NavType,java.lang.String,java.lang.String) -> a
    androidx.navigation.NavDestination inflate(android.content.res.Resources,android.content.res.XmlResourceParser,android.util.AttributeSet,int) -> b
    androidx.navigation.NavGraph inflate(int) -> c
    void inflateAction(android.content.res.Resources,androidx.navigation.NavDestination,android.util.AttributeSet,android.content.res.XmlResourceParser,int) -> d
    androidx.navigation.NavArgument inflateArgument(android.content.res.TypedArray,android.content.res.Resources,int) -> e
    void inflateArgumentForBundle(android.content.res.Resources,android.os.Bundle,android.util.AttributeSet,int) -> f
    void inflateArgumentForDestination(android.content.res.Resources,androidx.navigation.NavDestination,android.util.AttributeSet,int) -> g
    void inflateDeepLink(android.content.res.Resources,androidx.navigation.NavDestination,android.util.AttributeSet) -> h
androidx.navigation.NavOptions -> fuck.mh:
    int mPopEnterAnim -> f
    int mPopExitAnim -> g
    int mEnterAnim -> d
    int mExitAnim -> e
    boolean mSingleTop -> a
    int mPopUpTo -> b
    boolean mPopUpToInclusive -> c
    int getEnterAnim() -> a
    int getExitAnim() -> b
    int getPopEnterAnim() -> c
    int getPopExitAnim() -> d
    int getPopUpTo() -> e
    boolean isPopUpToInclusive() -> f
    boolean shouldLaunchSingleTop() -> g
androidx.navigation.NavOptions$Builder -> fuck.mh$a:
    int mPopEnterAnim -> f
    int mPopExitAnim -> g
    int mEnterAnim -> d
    int mExitAnim -> e
    boolean mSingleTop -> a
    int mPopUpTo -> b
    boolean mPopUpToInclusive -> c
    androidx.navigation.NavOptions build() -> a
    androidx.navigation.NavOptions$Builder setEnterAnim(int) -> b
    androidx.navigation.NavOptions$Builder setExitAnim(int) -> c
    androidx.navigation.NavOptions$Builder setLaunchSingleTop(boolean) -> d
    androidx.navigation.NavOptions$Builder setPopEnterAnim(int) -> e
    androidx.navigation.NavOptions$Builder setPopExitAnim(int) -> f
    androidx.navigation.NavOptions$Builder setPopUpTo(int,boolean) -> g